app/build/intermediates/manifest_merge_blame_file/debug/manifest-merger-blame-debug-report.txt
1<?xml version="1.0" encoding="utf-8"?>
2<manifest xmlns:android="http://schemas.android.com/apk/res/android"
3    package="net.basicgo.tvcast"
4    android:versionCode="28"
5    android:versionName="2.0" >
6
7    <uses-sdk
8        android:minSdkVersion="23"
8-->src\main\AndroidManifest.xml
9        android:targetSdkVersion="29" />
9-->src\main\AndroidManifest.xml
10
11    <uses-permission android:name="android.permission.WRITE_EXTERNAL_STORAGE" />
11-->src\main\AndroidManifest.xml:5:5-81
11-->src\main\AndroidManifest.xml:5:22-78
12    <uses-permission android:name="android.permission.INTERNET" />
12-->src\main\AndroidManifest.xml:6:5-67
12-->src\main\AndroidManifest.xml:6:22-64
13    <uses-permission android:name="android.permission.ACCESS_NETWORK_STATE" />
13-->src\main\AndroidManifest.xml:7:5-79
13-->src\main\AndroidManifest.xml:7:22-76
14    <uses-permission android:name="android.permission.ACCESS_WIFI_STATE" />
14-->src\main\AndroidManifest.xml:8:5-76
14-->src\main\AndroidManifest.xml:8:22-73
15    <uses-permission android:name="android.permission.CHANGE_WIFI_MULTICAST_STATE" />
15-->src\main\AndroidManifest.xml:9:5-86
15-->src\main\AndroidManifest.xml:9:22-83
16    <uses-permission android:name="android.permission.CHANGE_WIFI_STATE" />
16-->src\main\AndroidManifest.xml:10:5-76
16-->src\main\AndroidManifest.xml:10:22-73
17    <uses-permission android:name="android.permission.CHANGE_NETWORK_STATE" />
17-->src\main\AndroidManifest.xml:11:5-79
17-->src\main\AndroidManifest.xml:11:22-76
18    <uses-permission android:name="android.permission.RECORD_AUDIO" />
18-->src\main\AndroidManifest.xml:12:5-71
18-->src\main\AndroidManifest.xml:12:22-68
19    <uses-permission android:name="android.permission.MODIFY_AUDIO_SETTINGS" />
19-->src\main\AndroidManifest.xml:13:5-80
19-->src\main\AndroidManifest.xml:13:22-77
20    <uses-permission android:name="android.permission.READ_PHONE_STATE" />
20-->src\main\AndroidManifest.xml:14:5-75
20-->src\main\AndroidManifest.xml:14:22-72
21    <uses-permission android:name="android.permission.ACCESS_FINE_LOCATION" />
21-->src\main\AndroidManifest.xml:15:5-79
21-->src\main\AndroidManifest.xml:15:22-76
22    <uses-permission android:name="android.permission.ACCESS_COARSE_LOCATION" />
22-->src\main\AndroidManifest.xml:16:5-81
22-->src\main\AndroidManifest.xml:16:22-78
23    <uses-permission android:name="android.permission.WAKE_LOCK" />
23-->src\main\AndroidManifest.xml:17:5-68
23-->src\main\AndroidManifest.xml:17:22-65
24    <uses-permission android:name="android.permission.RECEIVE_BOOT_COMPLETED" />
24-->src\main\AndroidManifest.xml:18:5-81
24-->src\main\AndroidManifest.xml:18:22-78
25    <uses-permission android:name="android.permission.REQUEST_INSTALL_PACKAGES" />
25-->src\main\AndroidManifest.xml:19:5-83
25-->src\main\AndroidManifest.xml:19:22-80
26    <uses-permission android:name="com.huawei.permission.HISIGHT_ACCESS" />
26-->src\main\AndroidManifest.xml:191:5-76
26-->src\main\AndroidManifest.xml:191:22-73
27
28    <!-- <uses-permission android:name="android.permission.ACCESS_NETWORK_STATE" /> -->
29
30
31    <!-- <uses-permission android:name="android.permission.RECEIVE_BOOT_COMPLETED" /> -->
32    <uses-permission android:name="android.permission.FOREGROUND_SERVICE" />
32-->src\main\AndroidManifest.xml:196:5-77
32-->src\main\AndroidManifest.xml:196:22-74
33    <uses-permission android:name="android.permission.BLUETOOTH" />
33-->src\main\AndroidManifest.xml:197:5-68
33-->src\main\AndroidManifest.xml:197:22-65
34
35    <!-- 允许程序访问网络连接 -->
36    <uses-permission android:name="android.permission.INTERNET" />
36-->src\main\AndroidManifest.xml:6:5-67
36-->src\main\AndroidManifest.xml:6:22-64
37    <!-- 允许程序获取当前WiFi接入的状态以及WLAN热点的信息 -->
38    <uses-permission android:name="android.permission.ACCESS_WIFI_STATE" />
38-->src\main\AndroidManifest.xml:8:5-76
38-->src\main\AndroidManifest.xml:8:22-73
39    <uses-permission android:name="android.permission.ACCESS_COARSE_LOCATION" />
39-->src\main\AndroidManifest.xml:16:5-81
39-->src\main\AndroidManifest.xml:16:22-78
40    <uses-permission android:name="android.permission.ACCESS_FINE_LOCATION" />
40-->src\main\AndroidManifest.xml:15:5-79
40-->src\main\AndroidManifest.xml:15:22-76
41
42    <application
42-->src\main\AndroidManifest.xml:21:5-189:15
43        android:name="com.xindawn.RenderApplication"
43-->src\main\AndroidManifest.xml:22:9-42
44        android:allowBackup="true"
44-->src\main\AndroidManifest.xml:23:9-35
45        android:appComponentFactory="androidx.core.app.CoreComponentFactory"
45-->[androidx.core:core:1.0.0] AndroidManifest.xml:22:18-86
46        android:debuggable="true"
47        android:extractNativeLibs="false"
48        android:icon="@drawable/logo"
48-->src\main\AndroidManifest.xml:24:9-38
49        android:label="@string/app_name"
49-->src\main\AndroidManifest.xml:25:9-41
50        android:persistent="true"
50-->src\main\AndroidManifest.xml:26:9-34
51        android:testOnly="true" >
52        <receiver
52-->src\main\AndroidManifest.xml:28:9-35:20
53            android:name="com.xindawn.service.BootManager"
53-->src\main\AndroidManifest.xml:28:19-54
54            android:enabled="true" >
54-->src\main\AndroidManifest.xml:29:13-35
55            <intent-filter>
55-->src\main\AndroidManifest.xml:31:13-34:29
56                <action android:name="android.intent.action.BOOT_COMPLETED" />
56-->src\main\AndroidManifest.xml:32:17-86
56-->src\main\AndroidManifest.xml:32:25-76
57
58                <category android:name="android.intent.category.DEFAULT" />
58-->src\main\AndroidManifest.xml:33:17-76
58-->src\main\AndroidManifest.xml:33:27-73
59            </intent-filter>
60        </receiver>
61
62        <service
62-->src\main\AndroidManifest.xml:37:9-44:19
63            android:name="com.xindawn.ScreenCast.ScreenCastService"
63-->src\main\AndroidManifest.xml:38:13-57
64            android:enabled="true" >
64-->src\main\AndroidManifest.xml:39:13-35
65            <intent-filter>
65-->src\main\AndroidManifest.xml:40:13-43:29
66                <action android:name="net.basicgo.start.engine" />
66-->src\main\AndroidManifest.xml:41:17-67
66-->src\main\AndroidManifest.xml:41:25-64
67                <action android:name="net.basicgo.restart.engine" />
67-->src\main\AndroidManifest.xml:42:17-69
67-->src\main\AndroidManifest.xml:42:25-66
68            </intent-filter>
69        </service>
70
71        <meta-data
71-->src\main\AndroidManifest.xml:46:9-48:64
72            android:name="TD_APP_ID"
72-->src\main\AndroidManifest.xml:47:13-37
73            android:value="7F0D6361854462718E6EEB92BF280894" />
73-->src\main\AndroidManifest.xml:48:13-61
74        <meta-data
74-->src\main\AndroidManifest.xml:49:9-51:38
75            android:name="TD_CHANNEL_ID"
75-->src\main\AndroidManifest.xml:50:13-41
76            android:value="91.com" />
76-->src\main\AndroidManifest.xml:51:13-35
77
78        <service
78-->src\main\AndroidManifest.xml:53:9-60:19
79            android:name="com.xindawn.service.MediaRenderService"
79-->src\main\AndroidManifest.xml:54:13-55
80            android:enabled="true" >
80-->src\main\AndroidManifest.xml:55:13-35
81            <intent-filter>
81-->src\main\AndroidManifest.xml:56:13-59:29
82                <action android:name="com.xindawn.start.engine" />
82-->src\main\AndroidManifest.xml:57:17-67
82-->src\main\AndroidManifest.xml:57:25-64
83                <action android:name="com.xindawn.restart.engine" />
83-->src\main\AndroidManifest.xml:58:17-69
83-->src\main\AndroidManifest.xml:58:25-66
84            </intent-filter>
85        </service>
86        <service
86-->src\main\AndroidManifest.xml:61:9-67:19
87            android:name="com.xindawn.DLAN.DMR.DMRService"
87-->src\main\AndroidManifest.xml:62:13-48
88            android:enabled="true" >
88-->src\main\AndroidManifest.xml:63:13-35
89            <intent-filter>
89-->src\main\AndroidManifest.xml:64:13-66:29
90                <action android:name="com.xindawn.start.dmr" />
90-->src\main\AndroidManifest.xml:65:17-64
90-->src\main\AndroidManifest.xml:65:25-61
91            </intent-filter>
92        </service>
93
94        <activity
94-->src\main\AndroidManifest.xml:69:9-80:20
95            android:name="com.xindawn.MainActivity"
95-->src\main\AndroidManifest.xml:70:13-41
96            android:configChanges="keyboardHidden|orientation|screenSize"
96-->src\main\AndroidManifest.xml:73:13-74
97            android:label="@string/app_name"
97-->src\main\AndroidManifest.xml:71:13-45
98            android:screenOrientation="sensor"
98-->src\main\AndroidManifest.xml:72:13-47
99            android:theme="@android:style/Theme.NoTitleBar.Fullscreen" >
99-->src\main\AndroidManifest.xml:74:13-71
100            <intent-filter>
100-->src\main\AndroidManifest.xml:75:13-79:29
101                <action android:name="android.intent.action.MAIN" />
101-->src\main\AndroidManifest.xml:76:17-69
101-->src\main\AndroidManifest.xml:76:25-66
102
103                <category android:name="android.intent.category.LAUNCHER" />
103-->src\main\AndroidManifest.xml:78:17-77
103-->src\main\AndroidManifest.xml:78:27-74
104            </intent-filter>
105        </activity>
106        <activity
106-->src\main\AndroidManifest.xml:81:9-84:83
107            android:name="com.xindawn.video.VideoActivity"
107-->src\main\AndroidManifest.xml:82:13-48
108            android:launchMode="singleTask"
108-->src\main\AndroidManifest.xml:83:13-44
109            android:theme="@android:style/Theme.NoTitleBar.Fullscreen" />
109-->src\main\AndroidManifest.xml:84:13-71
110        <activity
110-->src\main\AndroidManifest.xml:85:9-95:20
111            android:name="com.xindawn.music.MusicActivity"
111-->src\main\AndroidManifest.xml:86:13-48
112            android:launchMode="singleTask"
112-->src\main\AndroidManifest.xml:87:13-44
113            android:theme="@android:style/Theme.NoTitleBar.Fullscreen" >
113-->src\main\AndroidManifest.xml:88:13-71
114
115            <!-- <intent-filter> -->
116            <!-- <action android:name="android.intent.action.MAIN" /> -->
117            <!-- <category android:name="android.intent.category.LAUNCHER" /> -->
118            <!-- </intent-filter> -->
119
120        </activity>
121        <activity
121-->src\main\AndroidManifest.xml:96:9-99:83
122            android:name="com.xindawn.image.ImageActivity"
122-->src\main\AndroidManifest.xml:97:13-48
123            android:label="@string/app_name"
123-->src\main\AndroidManifest.xml:98:13-45
124            android:theme="@android:style/Theme.NoTitleBar.Fullscreen" />
124-->src\main\AndroidManifest.xml:99:13-71
125        <activity
125-->src\main\AndroidManifest.xml:100:9-105:83
126            android:name="com.xindawn.airgl.AirPlayerGLActivity"
126-->src\main\AndroidManifest.xml:101:13-54
127            android:configChanges="keyboardHidden|orientation|screenSize"
127-->src\main\AndroidManifest.xml:103:13-74
128            android:launchMode="singleTask"
128-->src\main\AndroidManifest.xml:104:13-44
129            android:screenOrientation="sensor"
129-->src\main\AndroidManifest.xml:102:13-47
130            android:theme="@android:style/Theme.NoTitleBar.Fullscreen" />
130-->src\main\AndroidManifest.xml:105:13-71
131
132        <!-- Plugins Picture Player -->
133        <activity
133-->src\main\AndroidManifest.xml:108:9-130:20
134            android:name="com.xindawn.DLAN.plugins.pictureplay.PictureViewer"
134-->src\main\AndroidManifest.xml:109:13-67
135            android:configChanges="orientation|keyboard"
135-->src\main\AndroidManifest.xml:110:13-57
136            android:excludeFromRecents="true"
136-->src\main\AndroidManifest.xml:111:13-46
137            android:label="@string/plug_image_app_name" >
137-->src\main\AndroidManifest.xml:112:13-56
138
139            <!--
140			<intent-filter>
141				<action android:name="android.intent.action.VIEW"/>
142				<category android:name="android.intent.category.DEFAULT"/>
143				<data android:mimeType="image/*"/>
144			</intent-filter>
145            -->
146            <intent-filter>
146-->src\main\AndroidManifest.xml:121:13-129:29
147                <action android:name="com.rockchip.mediacenter.player.PictureViewer" />
147-->src\main\AndroidManifest.xml:122:17-88
147-->src\main\AndroidManifest.xml:122:25-85
148
149                <category android:name="android.intent.category.DEFAULT" />
149-->src\main\AndroidManifest.xml:33:17-76
149-->src\main\AndroidManifest.xml:33:27-73
150
151                <data android:scheme="file" />
151-->src\main\AndroidManifest.xml:126:17-47
151-->src\main\AndroidManifest.xml:126:23-44
152                <data android:scheme="http" />
152-->src\main\AndroidManifest.xml:126:17-47
152-->src\main\AndroidManifest.xml:126:23-44
153                <data android:mimeType="image/*" />
153-->src\main\AndroidManifest.xml:126:17-47
153-->src\main\AndroidManifest.xml:128:23-49
154            </intent-filter>
155        </activity> <!-- Plugins Video Player -->
156        <activity
156-->src\main\AndroidManifest.xml:131:9-153:20
157            android:name="com.xindawn.DLAN.plugins.videoplay.VideoPlayer"
157-->src\main\AndroidManifest.xml:132:13-63
158            android:configChanges="orientation|keyboard|touchscreen"
158-->src\main\AndroidManifest.xml:133:13-69
159            android:excludeFromRecents="true"
159-->src\main\AndroidManifest.xml:134:13-46
160            android:label="@string/plug_video_app_name" >
160-->src\main\AndroidManifest.xml:135:13-56
161
162            <!--
163            <intent-filter>
164                <action android:name="android.intent.action.VIEW"/>
165				<category android:name="android.intent.category.DEFAULT"/>
166                <data android:mimeType="video/*"/>
167            </intent-filter>
168            -->
169            <intent-filter>
169-->src\main\AndroidManifest.xml:144:13-152:29
170                <action android:name="com.rockchip.mediacenter.player.VideoPlayer" />
170-->src\main\AndroidManifest.xml:145:17-86
170-->src\main\AndroidManifest.xml:145:25-83
171
172                <category android:name="android.intent.category.DEFAULT" />
172-->src\main\AndroidManifest.xml:33:17-76
172-->src\main\AndroidManifest.xml:33:27-73
173
174                <data android:scheme="file" />
174-->src\main\AndroidManifest.xml:126:17-47
174-->src\main\AndroidManifest.xml:126:23-44
175                <data android:scheme="http" />
175-->src\main\AndroidManifest.xml:126:17-47
175-->src\main\AndroidManifest.xml:126:23-44
176                <data android:mimeType="video/*" />
176-->src\main\AndroidManifest.xml:126:17-47
176-->src\main\AndroidManifest.xml:128:23-49
177            </intent-filter>
178        </activity> <!-- Plugins Music Player -->
179        <activity
179-->src\main\AndroidManifest.xml:154:9-177:20
180            android:name="com.xindawn.DLAN.plugins.musicplay.MusicPlayer"
180-->src\main\AndroidManifest.xml:155:13-63
181            android:configChanges="orientation|keyboard"
181-->src\main\AndroidManifest.xml:156:13-57
182            android:excludeFromRecents="true"
182-->src\main\AndroidManifest.xml:157:13-46
183            android:label="@string/plug_music_app_name"
183-->src\main\AndroidManifest.xml:158:13-56
184            android:theme="@style/MainTheme.TransTheme" >
184-->src\main\AndroidManifest.xml:159:13-56
185
186            <!--
187         <intent-filter>
188             <action android:name="android.intent.action.VIEW" />
189             <category android:name="android.intent.category.DEFAULT"/>
190             <data android:mimeType="audio/*"/>
191         </intent-filter>
192            -->
193            <intent-filter>
193-->src\main\AndroidManifest.xml:168:13-176:29
194                <action android:name="com.rockchip.mediacenter.player.MusicPlayer" />
194-->src\main\AndroidManifest.xml:169:17-86
194-->src\main\AndroidManifest.xml:169:25-83
195
196                <category android:name="android.intent.category.DEFAULT" />
196-->src\main\AndroidManifest.xml:33:17-76
196-->src\main\AndroidManifest.xml:33:27-73
197
198                <data android:scheme="file" />
198-->src\main\AndroidManifest.xml:126:17-47
198-->src\main\AndroidManifest.xml:126:23-44
199                <data android:scheme="http" />
199-->src\main\AndroidManifest.xml:126:17-47
199-->src\main\AndroidManifest.xml:126:23-44
200                <data android:mimeType="audio/*" />
200-->src\main\AndroidManifest.xml:126:17-47
200-->src\main\AndroidManifest.xml:128:23-49
201            </intent-filter>
202        </activity>
203
204        <!-- HarmonyOS -->
205        <service
205-->src\main\AndroidManifest.xml:180:9-183:39
206            android:name="com.harmony.HarmonyService"
206-->src\main\AndroidManifest.xml:181:13-54
207            android:enabled="true"
207-->src\main\AndroidManifest.xml:182:13-35
208            android:exported="true" />
208-->src\main\AndroidManifest.xml:183:13-36
209
210        <activity
210-->src\main\AndroidManifest.xml:185:9-188:20
211            android:name="com.harmony.AlertActivity"
211-->src\main\AndroidManifest.xml:186:13-53
212            android:theme="@style/MyDialogStyle" >
212-->src\main\AndroidManifest.xml:187:13-49
213        </activity>
214    </application>
215
216</manifest>